
Esecuzione(%prep) in corso: /bin/sh -e /var/tmp/rpm-tmp.xuiZWn
+ umask 022
+ cd /home/mirko/Progetti/extrattor/builds/Fedora
+ wget https://github.com/Mirko-r/extrattor/releases/download/1.4/extrattor.sh
--2022-01-04 11:19:18--  https://github.com/Mirko-r/extrattor/releases/download/1.4/extrattor.sh
Resolving github.com (github.com)... 140.82.121.4
Connecting to github.com (github.com)|140.82.121.4|:443... connected.
HTTP request sent, awaiting response... 302 Found
Location: https://objects.githubusercontent.com/github-production-release-asset-2e65be/370907927/cb402dd7-71dd-4447-ba3f-83d875c079df?X-Amz-Algorithm=AWS4-HMAC-SHA256&X-Amz-Credential=AKIAIWNJYAX4CSVEH53A%2F20220104%2Fus-east-1%2Fs3%2Faws4_request&X-Amz-Date=20220104T101918Z&X-Amz-Expires=300&X-Amz-Signature=53486ac42181d2224fbf3b5592623360ece9c22e92909763d5865ae27cc36c84&X-Amz-SignedHeaders=host&actor_id=0&key_id=0&repo_id=370907927&response-content-disposition=attachment%3B%20filename%3Dextrattor.sh&response-content-type=application%2Foctet-stream [following]
--2022-01-04 11:19:18--  https://objects.githubusercontent.com/github-production-release-asset-2e65be/370907927/cb402dd7-71dd-4447-ba3f-83d875c079df?X-Amz-Algorithm=AWS4-HMAC-SHA256&X-Amz-Credential=AKIAIWNJYAX4CSVEH53A%2F20220104%2Fus-east-1%2Fs3%2Faws4_request&X-Amz-Date=20220104T101918Z&X-Amz-Expires=300&X-Amz-Signature=53486ac42181d2224fbf3b5592623360ece9c22e92909763d5865ae27cc36c84&X-Amz-SignedHeaders=host&actor_id=0&key_id=0&repo_id=370907927&response-content-disposition=attachment%3B%20filename%3Dextrattor.sh&response-content-type=application%2Foctet-stream
Resolving objects.githubusercontent.com (objects.githubusercontent.com)... 185.199.108.133, 185.199.109.133, 185.199.110.133, ...
Connecting to objects.githubusercontent.com (objects.githubusercontent.com)|185.199.108.133|:443... connected.
HTTP request sent, awaiting response... 200 OK
Length: 8965 (8.8K) [application/octet-stream]
Saving to: 'extrattor.sh'

     0K ........                                              100% 67.0M=0s

2022-01-04 11:19:19 (67.0 MB/s) - 'extrattor.sh' saved [8965/8965]

+ RPM_EC=0
++ jobs -p
+ exit 0
Esecuzione(%install) in corso: /bin/sh -e /var/tmp/rpm-tmp.AWxawq
+ umask 022
+ cd /home/mirko/Progetti/extrattor/builds/Fedora
+ '[' /root/rpmbuild/BUILDROOT/extrattor-1.4-1.fc35.x86_64 '!=' / ']'
+ rm -rf /root/rpmbuild/BUILDROOT/extrattor-1.4-1.fc35.x86_64
++ dirname /root/rpmbuild/BUILDROOT/extrattor-1.4-1.fc35.x86_64
+ mkdir -p /root/rpmbuild/BUILDROOT
+ mkdir /root/rpmbuild/BUILDROOT/extrattor-1.4-1.fc35.x86_64
+ mkdir -p /root/rpmbuild/BUILDROOT/extrattor-1.4-1.fc35.x86_64/usr/bin
+ install -p -m 755 /home/mirko/Progetti/extrattor/builds/Fedora/extrattor.sh /root/rpmbuild/BUILDROOT/extrattor-1.4-1.fc35.x86_64/usr/bin
+ /usr/lib/rpm/check-buildroot
+ /usr/lib/rpm/redhat/brp-ldconfig
+ /usr/lib/rpm/brp-compress
+ /usr/lib/rpm/brp-strip /usr/bin/strip
+ /usr/lib/rpm/brp-strip-comment-note /usr/bin/strip /usr/bin/objdump
+ /usr/lib/rpm/redhat/brp-strip-lto /usr/bin/strip
+ /usr/lib/rpm/brp-strip-static-archive /usr/bin/strip
+ /usr/lib/rpm/check-rpaths
+ /usr/lib/rpm/redhat/brp-mangle-shebangs
mangling shebang in /usr/bin/extrattor.sh from /bin/bash to #!/usr/bin/bash
+ /usr/lib/rpm/redhat/brp-python-bytecompile '' 1 0
+ /usr/lib/rpm/redhat/brp-python-hardlink
Elaborazione file: extrattor-1.4-1.fc35.noarch
Provides: extrattor = 1.4-1.fc35
Requires(rpmlib): rpmlib(CompressedFileNames) <= 3.0.4-1 rpmlib(FileDigests) <= 4.6.0-1 rpmlib(PayloadFilesHavePrefix) <= 4.0-1
Requires: /usr/bin/bash
Controllo per file non pacchettizzati in corso: /usr/lib/rpm/check-files /root/rpmbuild/BUILDROOT/extrattor-1.4-1.fc35.x86_64
Scritto: /home/mirko/Progetti/extrattor/builds/Fedora/extrattor-1.4-1.fc35.src.rpm
Scritto: /home/mirko/Progetti/extrattor/builds/Fedora/noarch/extrattor-1.4-1.fc35.noarch.rpm
Esecuzione(%clean) in corso: /bin/sh -e /var/tmp/rpm-tmp.ah0GLT
+ umask 022
+ cd /home/mirko/Progetti/extrattor/builds/Fedora
+ /usr/bin/rm -rf /root/rpmbuild/BUILDROOT/extrattor-1.4-1.fc35.x86_64
+ RPM_EC=0
++ jobs -p
+ exit 0
